<?xml version="1.0" encoding="UTF-8"?>
<coverage generated="1641301431391" clover="3.2.0">
  <project timestamp="1641301431391" name="All files">
    <metrics statements="25" coveredstatements="17" conditionals="4" coveredconditionals="1" methods="6" coveredmethods="1" elements="35" coveredelements="19" complexity="0" loc="25" ncloc="25" packages="1" files="2" classes="2"/>
    <file name="Filtration.tsx" path="S:\bred\Проекты\Тестовое задание\MERN\app-frontend\src\components\common\Filtration\Filtration.tsx">
      <metrics statements="18" coveredstatements="10" conditionals="4" coveredconditionals="1" methods="6" coveredmethods="1"/>
      <line num="1" count="1" type="stmt"/>
      <line num="2" count="1" type="stmt"/>
      <line num="3" count="1" type="stmt"/>
      <line num="4" count="1" type="stmt"/>
      <line num="5" count="1" type="stmt"/>
      <line num="6" count="1" type="stmt"/>
      <line num="8" count="1" type="stmt"/>
      <line num="29" count="1" type="stmt"/>
      <line num="40" count="1" type="stmt"/>
      <line num="52" count="0" type="stmt"/>
      <line num="53" count="0" type="stmt"/>
      <line num="61" count="0" type="stmt"/>
      <line num="62" count="0" type="stmt"/>
      <line num="70" count="0" type="stmt"/>
      <line num="71" count="0" type="stmt"/>
      <line num="107" count="0" type="stmt"/>
      <line num="133" count="0" type="stmt"/>
      <line num="158" count="1" type="stmt"/>
    </file>
    <file name="style.ts" path="S:\bred\Проекты\Тестовое задание\MERN\app-frontend\src\components\common\Filtration\style.ts">
      <metrics statements="7" coveredstatements="7" conditionals="0" coveredconditionals="0" methods="0" coveredmethods="0"/>
      <line num="1" count="1" type="stmt"/>
      <line num="3" count="1" type="stmt"/>
      <line num="23" count="1" type="stmt"/>
      <line num="27" count="1" type="stmt"/>
      <line num="32" count="1" type="stmt"/>
      <line num="37" count="1" type="stmt"/>
      <line num="41" count="1" type="stmt"/>
    </file>
  </project>
</coverage>
