{"S:\\bred\\Проекты\\Тестовое задание\\MERN\\app-frontend\\src\\components\\common\\Filtration\\Filtration.tsx": {"path":"S:\\bred\\Проекты\\Тестовое задание\\MERN\\app-frontend\\src\\components\\common\\Filtration\\Filtration.tsx","statementMap":{"0":{"start":{"line":1,"column":0},"end":{"line":1,"column":63}},"1":{"start":{"line":2,"column":0},"end":{"line":2,"column":40}},"2":{"start":{"line":3,"column":0},"end":{"line":3,"column":50}},"3":{"start":{"line":4,"column":0},"end":{"line":4,"column":62}},"4":{"start":{"line":5,"column":0},"end":{"line":5,"column":52}},"5":{"start":{"line":6,"column":0},"end":{"line":6,"column":42}},"6":{"start":{"line":8,"column":0},"end":{"line":8,"column":null}},"7":{"start":{"line":29,"column":40},"end":{"line":156,"column":1}},"8":{"start":{"line":40,"column":2},"end":{"line":155,"column":4}},"9":{"start":{"line":52,"column":16},"end":{"line":52,"column":31}},"10":{"start":{"line":53,"column":16},"end":{"line":53,"column":43}},"11":{"start":{"line":61,"column":16},"end":{"line":61,"column":42}},"12":{"start":{"line":62,"column":16},"end":{"line":62,"column":32}},"13":{"start":{"line":70,"column":16},"end":{"line":70,"column":43}},"14":{"start":{"line":71,"column":16},"end":{"line":71,"column":32}},"15":{"start":{"line":107,"column":75},"end":{"line":107,"column":98}},"16":{"start":{"line":133,"column":44},"end":{"line":133,"column":68}},"17":{"start":{"line":158,"column":0},"end":{"line":158,"column":26}}},"fnMap":{"0":{"name":"(anonymous_1)","decl":{"start":{"line":29,"column":40},"end":{"line":29,"column":50}},"loc":{"start":{"line":39,"column":1},"end":{"line":156,"column":1}}},"1":{"name":"(anonymous_2)","decl":{"start":{"line":51,"column":23},"end":{"line":51,"column":26}},"loc":{"start":{"line":51,"column":28},"end":{"line":54,"column":15}}},"2":{"name":"(anonymous_3)","decl":{"start":{"line":60,"column":23},"end":{"line":60,"column":26}},"loc":{"start":{"line":60,"column":28},"end":{"line":63,"column":15}}},"3":{"name":"(anonymous_4)","decl":{"start":{"line":69,"column":23},"end":{"line":69,"column":26}},"loc":{"start":{"line":69,"column":28},"end":{"line":72,"column":15}}},"4":{"name":"(anonymous_5)","decl":{"start":{"line":107,"column":18},"end":{"line":107,"column":19}},"loc":{"start":{"line":107,"column":75},"end":{"line":107,"column":98}}},"5":{"name":"(anonymous_6)","decl":{"start":{"line":133,"column":26},"end":{"line":133,"column":27}},"loc":{"start":{"line":133,"column":44},"end":{"line":133,"column":68}}}},"branchMap":{"0":{"loc":{"start":{"line":96,"column":7},"end":{"line":148,"column":10}},"type":"binary-expr","locations":[{"start":{"line":96,"column":7},"end":{"line":96,"column":13}},{"start":{"line":96,"column":18},"end":{"line":147,"column":null}}]},"1":{"loc":{"start":{"line":96,"column":18},"end":{"line":147,"column":null}},"type":"cond-expr","locations":[{"start":{"line":98,"column":10},"end":{"line":121,"column":null}},{"start":{"line":125,"column":10},"end":{"line":146,"column":null}}]}},"s":{"0":1,"1":1,"2":1,"3":1,"4":1,"5":1,"6":1,"7":1,"8":1,"9":0,"10":0,"11":0,"12":0,"13":0,"14":0,"15":0,"16":0,"17":1},"f":{"0":1,"1":0,"2":0,"3":0,"4":0,"5":0},"b":{"0":[1,0],"1":[0,0]}}
,"S:\\bred\\Проекты\\Тестовое задание\\MERN\\app-frontend\\src\\components\\common\\Filtration\\style.ts": {"path":"S:\\bred\\Проекты\\Тестовое задание\\MERN\\app-frontend\\src\\components\\common\\Filtration\\style.ts","statementMap":{"0":{"start":{"line":1,"column":0},"end":{"line":1,"column":39}},"1":{"start":{"line":3,"column":13},"end":{"line":21,"column":2}},"2":{"start":{"line":23,"column":13},"end":{"line":25,"column":2}},"3":{"start":{"line":27,"column":13},"end":{"line":30,"column":2}},"4":{"start":{"line":32,"column":13},"end":{"line":35,"column":2}},"5":{"start":{"line":37,"column":13},"end":{"line":39,"column":2}},"6":{"start":{"line":41,"column":13},"end":{"line":48,"column":2}}},"fnMap":{},"branchMap":{},"s":{"0":1,"1":1,"2":1,"3":1,"4":1,"5":1,"6":1},"f":{},"b":{}}
}
