{"S:\\bred\\Проекты\\Тестовое задание\\MERN\\app-frontend\\src\\components\\common\\Filtration\\Filtration.tsx": {"path":"S:\\bred\\Проекты\\Тестовое задание\\MERN\\app-frontend\\src\\components\\common\\Filtration\\Filtration.tsx","statementMap":{"0":{"start":{"line":1,"column":0},"end":{"line":1,"column":63}},"1":{"start":{"line":2,"column":0},"end":{"line":2,"column":40}},"2":{"start":{"line":3,"column":0},"end":{"line":3,"column":50}},"3":{"start":{"line":4,"column":0},"end":{"line":4,"column":62}},"4":{"start":{"line":5,"column":0},"end":{"line":5,"column":52}},"5":{"start":{"line":6,"column":0},"end":{"line":6,"column":42}},"6":{"start":{"line":8,"column":0},"end":{"line":8,"column":null}},"7":{"start":{"line":29,"column":40},"end":{"line":156,"column":1}},"8":{"start":{"line":40,"column":2},"end":{"line":155,"column":4}},"9":{"start":{"line":52,"column":16},"end":{"line":52,"column":31}},"10":{"start":{"line":53,"column":16},"end":{"line":53,"column":43}},"11":{"start":{"line":61,"column":16},"end":{"line":61,"column":42}},"12":{"start":{"line":62,"column":16},"end":{"line":62,"column":32}},"13":{"start":{"line":70,"column":16},"end":{"line":70,"column":43}},"14":{"start":{"line":71,"column":16},"end":{"line":71,"column":32}},"15":{"start":{"line":107,"column":75},"end":{"line":107,"column":98}},"16":{"start":{"line":133,"column":44},"end":{"line":133,"column":68}},"17":{"start":{"line":158,"column":0},"end":{"line":158,"column":26}}},"fnMap":{"0":{"name":"(anonymous_1)","decl":{"start":{"line":29,"column":40},"end":{"line":29,"column":50}},"loc":{"start":{"line":39,"column":1},"end":{"line":156,"column":1}}},"1":{"name":"(anonymous_2)","decl":{"start":{"line":51,"column":23},"end":{"line":51,"column":26}},"loc":{"start":{"line":51,"column":28},"end":{"line":54,"column":15}}},"2":{"name":"(anonymous_3)","decl":{"start":{"line":60,"column":23},"end":{"line":60,"column":26}},"loc":{"start":{"line":60,"column":28},"end":{"line":63,"column":15}}},"3":{"name":"(anonymous_4)","decl":{"start":{"line":69,"column":23},"end":{"line":69,"column":26}},"loc":{"start":{"line":69,"column":28},"end":{"line":72,"column":15}}},"4":{"name":"(anonymous_5)","decl":{"start":{"line":107,"column":18},"end":{"line":107,"column":19}},"loc":{"start":{"line":107,"column":75},"end":{"line":107,"column":98}}},"5":{"name":"(anonymous_6)","decl":{"start":{"line":133,"column":26},"end":{"line":133,"column":27}},"loc":{"start":{"line":133,"column":44},"end":{"line":133,"column":68}}}},"branchMap":{"0":{"loc":{"start":{"line":96,"column":7},"end":{"line":148,"column":10}},"type":"binary-expr","locations":[{"start":{"line":96,"column":7},"end":{"line":96,"column":13}},{"start":{"line":96,"column":18},"end":{"line":147,"column":null}}]},"1":{"loc":{"start":{"line":96,"column":18},"end":{"line":147,"column":null}},"type":"cond-expr","locations":[{"start":{"line":98,"column":10},"end":{"line":121,"column":null}},{"start":{"line":125,"column":10},"end":{"line":146,"column":null}}]}},"s":{"0":1,"1":1,"2":1,"3":1,"4":1,"5":1,"6":1,"7":1,"8":4,"9":0,"10":0,"11":1,"12":1,"13":1,"14":1,"15":0,"16":0,"17":1},"f":{"0":4,"1":0,"2":1,"3":1,"4":0,"5":0},"b":{"0":[4,2],"1":[1,1]}}
,"S:\\bred\\Проекты\\Тестовое задание\\MERN\\app-frontend\\src\\components\\common\\Filtration\\style.ts": {"path":"S:\\bred\\Проекты\\Тестовое задание\\MERN\\app-frontend\\src\\components\\common\\Filtration\\style.ts","statementMap":{"0":{"start":{"line":1,"column":0},"end":{"line":1,"column":39}},"1":{"start":{"line":3,"column":13},"end":{"line":21,"column":2}},"2":{"start":{"line":23,"column":13},"end":{"line":25,"column":2}},"3":{"start":{"line":27,"column":13},"end":{"line":30,"column":2}},"4":{"start":{"line":32,"column":13},"end":{"line":35,"column":2}},"5":{"start":{"line":37,"column":13},"end":{"line":39,"column":2}},"6":{"start":{"line":41,"column":13},"end":{"line":48,"column":2}}},"fnMap":{},"branchMap":{},"s":{"0":1,"1":1,"2":1,"3":1,"4":1,"5":1,"6":1},"f":{},"b":{}}
,"S:\\bred\\Проекты\\Тестовое задание\\MERN\\app-frontend\\src\\components\\common\\Header\\Header.tsx": {"path":"S:\\bred\\Проекты\\Тестовое задание\\MERN\\app-frontend\\src\\components\\common\\Header\\Header.tsx","statementMap":{"0":{"start":{"line":1,"column":0},"end":{"line":1,"column":34}},"1":{"start":{"line":3,"column":0},"end":{"line":3,"column":55}},"2":{"start":{"line":10,"column":32},"end":{"line":25,"column":1}},"3":{"start":{"line":11,"column":2},"end":{"line":24,"column":4}},"4":{"start":{"line":27,"column":0},"end":{"line":27,"column":22}}},"fnMap":{"0":{"name":"(anonymous_1)","decl":{"start":{"line":10,"column":32},"end":{"line":10,"column":42}},"loc":{"start":{"line":10,"column":54},"end":{"line":25,"column":1}}}},"branchMap":{},"s":{"0":1,"1":1,"2":1,"3":2,"4":1},"f":{"0":2},"b":{}}
,"S:\\bred\\Проекты\\Тестовое задание\\MERN\\app-frontend\\src\\components\\common\\Header\\style.ts": {"path":"S:\\bred\\Проекты\\Тестовое задание\\MERN\\app-frontend\\src\\components\\common\\Header\\style.ts","statementMap":{"0":{"start":{"line":1,"column":0},"end":{"line":1,"column":39}},"1":{"start":{"line":2,"column":0},"end":{"line":2,"column":54}},"2":{"start":{"line":4,"column":13},"end":{"line":29,"column":2}},"3":{"start":{"line":31,"column":13},"end":{"line":35,"column":2}},"4":{"start":{"line":37,"column":13},"end":{"line":52,"column":2}}},"fnMap":{},"branchMap":{},"s":{"0":1,"1":1,"2":1,"3":1,"4":1},"f":{},"b":{}}
,"S:\\bred\\Проекты\\Тестовое задание\\MERN\\app-frontend\\src\\components\\common\\ModalWrapper\\ModalWrapper.tsx": {"path":"S:\\bred\\Проекты\\Тестовое задание\\MERN\\app-frontend\\src\\components\\common\\ModalWrapper\\ModalWrapper.tsx","statementMap":{"0":{"start":{"line":1,"column":0},"end":{"line":1,"column":null}},"1":{"start":{"line":4,"column":0},"end":{"line":4,"column":46}},"2":{"start":{"line":5,"column":0},"end":{"line":5,"column":44}},"3":{"start":{"line":6,"column":0},"end":{"line":6,"column":50}},"4":{"start":{"line":9,"column":0},"end":{"line":9,"column":59}},"5":{"start":{"line":15,"column":37},"end":{"line":28,"column":1}},"6":{"start":{"line":16,"column":27},"end":{"line":16,"column":39}},"7":{"start":{"line":18,"column":2},"end":{"line":27,"column":4}},"8":{"start":{"line":19,"column":26},"end":{"line":19,"column":42}},"9":{"start":{"line":20,"column":50},"end":{"line":20,"column":71}},"10":{"start":{"line":22,"column":36},"end":{"line":22,"column":52}},"11":{"start":{"line":30,"column":0},"end":{"line":30,"column":28}}},"fnMap":{"0":{"name":"(anonymous_1)","decl":{"start":{"line":15,"column":37},"end":{"line":15,"column":47}},"loc":{"start":{"line":15,"column":59},"end":{"line":28,"column":1}}},"1":{"name":"(anonymous_2)","decl":{"start":{"line":19,"column":20},"end":{"line":19,"column":23}},"loc":{"start":{"line":19,"column":26},"end":{"line":19,"column":42}}},"2":{"name":"(anonymous_3)","decl":{"start":{"line":20,"column":29},"end":{"line":20,"column":30}},"loc":{"start":{"line":20,"column":50},"end":{"line":20,"column":71}}},"3":{"name":"(anonymous_4)","decl":{"start":{"line":22,"column":30},"end":{"line":22,"column":33}},"loc":{"start":{"line":22,"column":36},"end":{"line":22,"column":52}}}},"branchMap":{},"s":{"0":1,"1":1,"2":1,"3":1,"4":1,"5":1,"6":1,"7":1,"8":0,"9":0,"10":0,"11":1},"f":{"0":1,"1":0,"2":0,"3":0},"b":{}}
,"S:\\bred\\Проекты\\Тестовое задание\\MERN\\app-frontend\\src\\components\\common\\ModalWrapper\\style.ts": {"path":"S:\\bred\\Проекты\\Тестовое задание\\MERN\\app-frontend\\src\\components\\common\\ModalWrapper\\style.ts","statementMap":{"0":{"start":{"line":1,"column":0},"end":{"line":1,"column":39}},"1":{"start":{"line":3,"column":13},"end":{"line":16,"column":2}},"2":{"start":{"line":18,"column":13},"end":{"line":26,"column":2}},"3":{"start":{"line":28,"column":13},"end":{"line":37,"column":2}}},"fnMap":{},"branchMap":{},"s":{"0":1,"1":1,"2":1,"3":1},"f":{},"b":{}}
,"S:\\bred\\Проекты\\Тестовое задание\\MERN\\app-frontend\\src\\containers\\common\\Filtration\\FiltrationContainer.tsx": {"path":"S:\\bred\\Проекты\\Тестовое задание\\MERN\\app-frontend\\src\\containers\\common\\Filtration\\FiltrationContainer.tsx","statementMap":{"0":{"start":{"line":1,"column":0},"end":{"line":1,"column":56}},"1":{"start":{"line":2,"column":0},"end":{"line":2,"column":42}},"2":{"start":{"line":5,"column":0},"end":{"line":5,"column":85}},"3":{"start":{"line":6,"column":0},"end":{"line":6,"column":97}},"4":{"start":{"line":7,"column":0},"end":{"line":7,"column":74}},"5":{"start":{"line":22,"column":28},"end":{"line":52,"column":1}},"6":{"start":{"line":23,"column":28},"end":{"line":23,"column":51}},"7":{"start":{"line":24,"column":50},"end":{"line":24,"column":74}},"8":{"start":{"line":25,"column":44},"end":{"line":25,"column":77}},"9":{"start":{"line":26,"column":46},"end":{"line":26,"column":79}},"10":{"start":{"line":28,"column":29},"end":{"line":28,"column":42}},"11":{"start":{"line":30,"column":26},"end":{"line":37,"column":4}},"12":{"start":{"line":30,"column":70},"end":{"line":37,"column":4}},"13":{"start":{"line":31,"column":4},"end":{"line":31,"column":25}},"14":{"start":{"line":32,"column":19},"end":{"line":32,"column":48}},"15":{"start":{"line":33,"column":39},"end":{"line":33,"column":79}},"16":{"start":{"line":35,"column":4},"end":{"line":35,"column":44}},"17":{"start":{"line":36,"column":4},"end":{"line":36,"column":43}},"18":{"start":{"line":39,"column":2},"end":{"line":51,"column":4}},"19":{"start":{"line":54,"column":0},"end":{"line":54,"column":35}}},"fnMap":{"0":{"name":"(anonymous_14)","decl":{"start":{"line":22,"column":28},"end":{"line":22,"column":null}},"loc":{"start":{"line":22,"column":28},"end":{"line":52,"column":1}}},"1":{"name":"(anonymous_15)","decl":{"start":{"line":30,"column":26},"end":{"line":30,"column":33}},"loc":{"start":{"line":30,"column":70},"end":{"line":37,"column":4}}},"2":{"name":"(anonymous_16)","decl":{"start":{"line":30,"column":70},"end":{"line":30,"column":null}},"loc":{"start":{"line":30,"column":70},"end":{"line":37,"column":3}}}},"branchMap":{},"s":{"0":1,"1":1,"2":1,"3":1,"4":1,"5":1,"6":4,"7":4,"8":4,"9":4,"10":4,"11":4,"12":0,"13":0,"14":0,"15":0,"16":0,"17":0,"18":4,"19":1},"f":{"0":4,"1":0,"2":0},"b":{}}
,"S:\\bred\\Проекты\\Тестовое задание\\MERN\\app-frontend\\src\\containers\\common\\Header\\HeaderContainer.tsx": {"path":"S:\\bred\\Проекты\\Тестовое задание\\MERN\\app-frontend\\src\\containers\\common\\Header\\HeaderContainer.tsx","statementMap":{"0":{"start":{"line":1,"column":0},"end":{"line":1,"column":26}},"1":{"start":{"line":2,"column":0},"end":{"line":2,"column":47}},"2":{"start":{"line":4,"column":0},"end":{"line":4,"column":62}},"3":{"start":{"line":7,"column":24},"end":{"line":13,"column":1}},"4":{"start":{"line":8,"column":29},"end":{"line":8,"column":42}},"5":{"start":{"line":10,"column":2},"end":{"line":12,"column":4}},"6":{"start":{"line":15,"column":0},"end":{"line":15,"column":31}}},"fnMap":{"0":{"name":"(anonymous_1)","decl":{"start":{"line":7,"column":24},"end":{"line":7,"column":null}},"loc":{"start":{"line":7,"column":24},"end":{"line":13,"column":1}}}},"branchMap":{},"s":{"0":1,"1":1,"2":1,"3":1,"4":2,"5":2,"6":1},"f":{"0":2},"b":{}}
,"S:\\bred\\Проекты\\Тестовое задание\\MERN\\app-frontend\\src\\containers\\common\\ModalWrapper\\ModalWrapperContainer.tsx": {"path":"S:\\bred\\Проекты\\Тестовое задание\\MERN\\app-frontend\\src\\containers\\common\\ModalWrapper\\ModalWrapperContainer.tsx","statementMap":{"0":{"start":{"line":1,"column":0},"end":{"line":1,"column":null}},"1":{"start":{"line":5,"column":0},"end":{"line":5,"column":80}},"2":{"start":{"line":11,"column":55},"end":{"line":17,"column":1}},"3":{"start":{"line":12,"column":2},"end":{"line":16,"column":4}},"4":{"start":{"line":19,"column":0},"end":{"line":19,"column":37}}},"fnMap":{"0":{"name":"(anonymous_1)","decl":{"start":{"line":11,"column":55},"end":{"line":11,"column":65}},"loc":{"start":{"line":11,"column":77},"end":{"line":17,"column":1}}}},"branchMap":{},"s":{"0":1,"1":1,"2":1,"3":1,"4":1},"f":{"0":1},"b":{}}
,"S:\\bred\\Проекты\\Тестовое задание\\MERN\\app-frontend\\src\\store\\constants.ts": {"path":"S:\\bred\\Проекты\\Тестовое задание\\MERN\\app-frontend\\src\\store\\constants.ts","statementMap":{"0":{"start":{"line":1,"column":13},"end":{"line":1,"column":47}},"1":{"start":{"line":3,"column":13},"end":{"line":3,"column":53}},"2":{"start":{"line":4,"column":13},"end":{"line":4,"column":69}},"3":{"start":{"line":5,"column":13},"end":{"line":5,"column":67}},"4":{"start":{"line":7,"column":13},"end":{"line":7,"column":51}},"5":{"start":{"line":8,"column":13},"end":{"line":8,"column":67}},"6":{"start":{"line":9,"column":13},"end":{"line":9,"column":65}},"7":{"start":{"line":11,"column":13},"end":{"line":11,"column":49}},"8":{"start":{"line":12,"column":13},"end":{"line":12,"column":65}},"9":{"start":{"line":13,"column":13},"end":{"line":13,"column":63}},"10":{"start":{"line":15,"column":13},"end":{"line":15,"column":51}},"11":{"start":{"line":16,"column":13},"end":{"line":16,"column":67}},"12":{"start":{"line":17,"column":13},"end":{"line":17,"column":65}},"13":{"start":{"line":19,"column":13},"end":{"line":19,"column":61}},"14":{"start":{"line":21,"column":13},"end":{"line":21,"column":53}}},"fnMap":{},"branchMap":{},"s":{"0":1,"1":1,"2":1,"3":1,"4":1,"5":1,"6":1,"7":1,"8":1,"9":1,"10":1,"11":1,"12":1,"13":1,"14":1},"f":{},"b":{}}
,"S:\\bred\\Проекты\\Тестовое задание\\MERN\\app-frontend\\src\\store\\initialState.ts": {"path":"S:\\bred\\Проекты\\Тестовое задание\\MERN\\app-frontend\\src\\store\\initialState.ts","statementMap":{"0":{"start":{"line":3,"column":35},"end":{"line":13,"column":2}},"1":{"start":{"line":15,"column":0},"end":{"line":15,"column":28}}},"fnMap":{},"branchMap":{},"s":{"0":1,"1":1},"f":{},"b":{}}
,"S:\\bred\\Проекты\\Тестовое задание\\MERN\\app-frontend\\src\\store\\actions\\loadWorkersData\\loadWorkersData.ts": {"path":"S:\\bred\\Проекты\\Тестовое задание\\MERN\\app-frontend\\src\\store\\actions\\loadWorkersData\\loadWorkersData.ts","statementMap":{"0":{"start":{"line":1,"column":0},"end":{"line":1,"column":105}},"1":{"start":{"line":5,"column":24},"end":{"line":11,"column":2}},"2":{"start":{"line":5,"column":79},"end":{"line":11,"column":2}},"3":{"start":{"line":13,"column":37},"end":{"line":16,"column":2}},"4":{"start":{"line":13,"column":57},"end":{"line":16,"column":2}},"5":{"start":{"line":13,"column":13},"end":{"line":13,"column":37}},"6":{"start":{"line":18,"column":38},"end":{"line":21,"column":2}},"7":{"start":{"line":18,"column":62},"end":{"line":21,"column":2}},"8":{"start":{"line":18,"column":13},"end":{"line":18,"column":38}},"9":{"start":{"line":23,"column":0},"end":{"line":23,"column":31}}},"fnMap":{"0":{"name":"(anonymous_0)","decl":{"start":{"line":5,"column":24},"end":{"line":5,"column":25}},"loc":{"start":{"line":5,"column":79},"end":{"line":11,"column":2}}},"1":{"name":"(anonymous_1)","decl":{"start":{"line":13,"column":37},"end":{"line":13,"column":38}},"loc":{"start":{"line":13,"column":57},"end":{"line":16,"column":2}}},"2":{"name":"(anonymous_2)","decl":{"start":{"line":18,"column":38},"end":{"line":18,"column":39}},"loc":{"start":{"line":18,"column":62},"end":{"line":21,"column":2}}}},"branchMap":{"0":{"loc":{"start":{"line":5,"column":25},"end":{"line":5,"column":33}},"type":"default-arg","locations":[{"start":{"line":5,"column":32},"end":{"line":5,"column":33}}]},"1":{"loc":{"start":{"line":5,"column":35},"end":{"line":5,"column":73}},"type":"default-arg","locations":[{"start":{"line":5,"column":71},"end":{"line":5,"column":73}}]}},"s":{"0":1,"1":1,"2":0,"3":1,"4":0,"5":1,"6":1,"7":0,"8":1,"9":1},"f":{"0":0,"1":0,"2":0},"b":{"0":[0],"1":[0]}}
,"S:\\bred\\Проекты\\Тестовое задание\\MERN\\app-frontend\\src\\store\\actions\\setFilterParameters\\setFilterParameters.ts": {"path":"S:\\bred\\Проекты\\Тестовое задание\\MERN\\app-frontend\\src\\store\\actions\\setFilterParameters\\setFilterParameters.ts","statementMap":{"0":{"start":{"line":1,"column":0},"end":{"line":1,"column":56}},"1":{"start":{"line":4,"column":28},"end":{"line":7,"column":2}},"2":{"start":{"line":4,"column":69},"end":{"line":7,"column":2}},"3":{"start":{"line":9,"column":0},"end":{"line":9,"column":35}}},"fnMap":{"0":{"name":"(anonymous_0)","decl":{"start":{"line":4,"column":28},"end":{"line":4,"column":29}},"loc":{"start":{"line":4,"column":69},"end":{"line":7,"column":2}}}},"branchMap":{},"s":{"0":1,"1":1,"2":0,"3":1},"f":{"0":0},"b":{}}
,"S:\\bred\\Проекты\\Тестовое задание\\MERN\\app-frontend\\src\\store\\reducers\\filterParameters.ts": {"path":"S:\\bred\\Проекты\\Тестовое задание\\MERN\\app-frontend\\src\\store\\reducers\\filterParameters.ts","statementMap":{"0":{"start":{"line":1,"column":0},"end":{"line":1,"column":43}},"1":{"start":{"line":2,"column":0},"end":{"line":2,"column":53}},"2":{"start":{"line":6,"column":25},"end":{"line":18,"column":1}},"3":{"start":{"line":10,"column":2},"end":{"line":17,"column":null}},"4":{"start":{"line":12,"column":6},"end":{"line":14,"column":8}},"5":{"start":{"line":16,"column":6},"end":{"line":16,"column":19}},"6":{"start":{"line":20,"column":0},"end":{"line":20,"column":32}}},"fnMap":{"0":{"name":"(anonymous_1)","decl":{"start":{"line":6,"column":25},"end":{"line":6,"column":null}},"loc":{"start":{"line":9,"column":4},"end":{"line":18,"column":1}}}},"branchMap":{"0":{"loc":{"start":{"line":7,"column":2},"end":{"line":7,"column":61}},"type":"default-arg","locations":[{"start":{"line":7,"column":32},"end":{"line":7,"column":61}}]},"1":{"loc":{"start":{"line":10,"column":2},"end":{"line":17,"column":null}},"type":"switch","locations":[{"start":{"line":11,"column":4},"end":{"line":14,"column":8}},{"start":{"line":15,"column":4},"end":{"line":16,"column":19}}]}},"s":{"0":1,"1":1,"2":1,"3":6,"4":0,"5":6,"6":1},"f":{"0":6},"b":{"0":[6],"1":[0,6]}}
}
