TN:
SF:src\constants.ts
FNF:0
FNH:0
DA:2,3
LF:1
LH:1
BRF:0
BRH:0
end_of_record
TN:
SF:src\components\common\Filtration\Filtration.tsx
FN:29,(anonymous_1)
FN:51,(anonymous_2)
FN:60,(anonymous_3)
FN:69,(anonymous_4)
FN:107,(anonymous_5)
FN:133,(anonymous_6)
FNF:6
FNH:3
FNDA:4,(anonymous_1)
FNDA:0,(anonymous_2)
FNDA:1,(anonymous_3)
FNDA:1,(anonymous_4)
FNDA:0,(anonymous_5)
FNDA:0,(anonymous_6)
DA:1,1
DA:2,1
DA:3,1
DA:4,1
DA:5,1
DA:6,1
DA:8,1
DA:29,1
DA:40,4
DA:52,0
DA:53,0
DA:61,1
DA:62,1
DA:70,1
DA:71,1
DA:107,0
DA:133,0
DA:158,1
LF:18
LH:14
BRDA:96,0,0,4
BRDA:96,0,1,2
BRDA:96,1,0,1
BRDA:96,1,1,1
BRF:4
BRH:4
end_of_record
TN:
SF:src\components\common\Filtration\style.ts
FNF:0
FNH:0
DA:1,1
DA:3,1
DA:23,1
DA:27,1
DA:32,1
DA:37,1
DA:41,1
LF:7
LH:7
BRF:0
BRH:0
end_of_record
TN:
SF:src\components\common\WorkerCard\WorkerCard.tsx
FN:20,(anonymous_1)
FNF:1
FNH:1
FNDA:3,(anonymous_1)
DA:1,2
DA:3,2
DA:12,2
DA:20,2
DA:24,3
DA:68,2
LF:6
LH:6
BRDA:33,0,0,2
BRDA:33,0,1,1
BRDA:41,1,0,2
BRDA:41,1,1,1
BRF:4
BRH:4
end_of_record
TN:
SF:src\components\common\WorkerCard\style.ts
FNF:0
FNH:0
DA:1,2
DA:2,2
DA:4,2
DA:29,2
DA:36,2
DA:40,2
DA:44,2
DA:48,2
DA:64,2
LF:9
LH:9
BRF:0
BRH:0
end_of_record
TN:
SF:src\components\common\WorkerCardList\WorkerCardList.tsx
FN:14,(anonymous_1)
FN:42,(anonymous_2)
FNF:2
FNH:2
FNDA:4,(anonymous_1)
FNDA:2,(anonymous_2)
DA:1,1
DA:2,1
DA:4,1
DA:5,1
DA:14,1
DA:19,4
DA:20,1
DA:29,3
DA:30,1
DA:39,2
DA:43,2
DA:57,1
LF:12
LH:12
BRDA:19,0,0,1
BRDA:29,1,0,1
BRDA:41,2,0,1
BRDA:41,2,1,1
BRF:4
BRH:4
end_of_record
TN:
SF:src\components\common\WorkerCardList\style.ts
FNF:0
FNH:0
DA:1,1
DA:3,1
DA:22,1
LF:3
LH:3
BRF:0
BRH:0
end_of_record
TN:
SF:src\components\pages\AddWorker\AddWorker.tsx
FN:39,(anonymous_1)
FNF:1
FNH:1
FNDA:3,(anonymous_1)
DA:1,1
DA:4,1
DA:5,1
DA:6,1
DA:7,1
DA:8,1
DA:9,1
DA:10,1
DA:11,1
DA:12,1
DA:13,1
DA:15,1
DA:39,1
DA:55,3
DA:56,1
DA:63,2
DA:64,1
DA:72,1
DA:209,1
LF:19
LH:19
BRDA:55,0,0,1
BRDA:63,1,0,1
BRDA:86,2,0,0
BRDA:86,2,1,1
BRDA:89,3,0,0
BRDA:89,3,1,1
BRDA:141,4,0,1
BRDA:141,4,1,0
BRF:8
BRH:5
end_of_record
TN:
SF:src\components\pages\AddWorker\style.ts
FNF:0
FNH:0
DA:1,1
DA:2,1
DA:4,1
DA:19,1
DA:24,1
DA:28,1
LF:6
LH:6
BRF:0
BRH:0
end_of_record
TN:
SF:src\components\pages\BigWorker\BigWorker.tsx
FN:22,(anonymous_1)
FNF:1
FNH:1
FNDA:4,(anonymous_1)
DA:1,1
DA:2,1
DA:4,1
DA:14,1
DA:22,1
DA:27,4
DA:28,1
DA:35,3
DA:36,1
DA:44,2
DA:95,1
LF:11
LH:11
BRDA:27,0,0,1
BRDA:35,1,0,1
BRDA:48,2,0,0
BRDA:48,2,1,2
BRDA:48,3,0,2
BRDA:48,3,1,2
BRDA:51,4,0,0
BRDA:51,4,1,2
BRDA:51,5,0,2
BRDA:51,5,1,2
BRDA:53,6,0,2
BRDA:53,6,1,0
BRDA:53,7,0,0
BRDA:53,7,1,2
BRDA:53,8,0,2
BRDA:53,8,1,2
BRDA:59,9,0,0
BRDA:59,9,1,2
BRDA:59,10,0,2
BRDA:59,10,1,2
BRDA:63,11,0,2
BRDA:63,11,1,0
BRDA:63,12,0,0
BRDA:63,12,1,2
BRDA:63,13,0,2
BRDA:63,13,1,2
BRDA:70,14,0,0
BRDA:70,14,1,2
BRDA:70,15,0,2
BRDA:70,15,1,2
BRDA:80,16,0,0
BRDA:80,16,1,0
BRDA:80,17,0,0
BRDA:80,17,1,0
BRDA:86,18,0,0
BRDA:86,18,1,0
BRDA:86,19,0,0
BRDA:86,19,1,0
BRF:38
BRH:22
end_of_record
TN:
SF:src\components\pages\BigWorker\style.ts
FNF:0
FNH:0
DA:1,1
DA:2,1
DA:4,1
DA:24,1
DA:31,1
DA:36,1
DA:42,1
DA:47,1
DA:66,1
LF:9
LH:9
BRF:0
BRH:0
end_of_record
TN:
SF:src\components\pages\EditWorker\EditWorker.tsx
FN:27,(anonymous_1)
FNF:1
FNH:1
FNDA:3,(anonymous_1)
DA:1,1
DA:4,1
DA:5,1
DA:6,1
DA:7,1
DA:8,1
DA:9,1
DA:10,1
DA:11,1
DA:12,1
DA:14,1
DA:27,1
DA:36,3
DA:37,1
DA:44,2
DA:45,1
DA:53,1
DA:181,1
LF:18
LH:18
BRDA:36,0,0,1
BRDA:44,1,0,1
BRDA:64,2,0,1
BRDA:64,2,1,0
BRDA:64,3,0,0
BRDA:64,3,1,1
BRDA:64,4,0,1
BRDA:64,4,1,1
BRDA:83,5,0,1
BRDA:83,5,1,0
BRDA:83,6,0,0
BRDA:83,6,1,1
BRDA:83,7,0,1
BRDA:83,7,1,1
BRDA:93,8,0,1
BRDA:93,8,1,0
BRDA:93,9,0,0
BRDA:93,9,1,1
BRDA:93,10,0,1
BRDA:93,10,1,1
BRDA:104,11,0,0
BRDA:104,11,1,1
BRDA:111,12,0,0
BRDA:111,12,1,0
BRDA:111,13,0,0
BRDA:111,13,1,0
BRDA:111,14,0,0
BRDA:111,14,1,0
BRDA:131,15,0,1
BRDA:131,15,1,1
BRDA:131,16,0,0
BRDA:131,16,1,1
BRDA:131,17,0,1
BRDA:131,17,1,1
BRDA:146,18,0,1
BRDA:146,18,1,0
BRDA:146,19,0,0
BRDA:146,19,1,1
BRDA:146,20,0,1
BRDA:146,20,1,1
BRDA:164,21,0,0
BRDA:164,21,1,1
BRF:42
BRH:25
end_of_record
TN:
SF:src\components\pages\EditWorker\style.ts
FNF:0
FNH:0
DA:1,1
DA:2,1
DA:4,1
DA:20,1
DA:25,1
DA:29,1
LF:6
LH:6
BRF:0
BRH:0
end_of_record
TN:
SF:src\containers\common\FiltrationContainer.tsx
FN:10,(anonymous_14)
FN:18,(anonymous_15)
FN:18,(anonymous_16)
FNF:3
FNH:1
FNDA:4,(anonymous_14)
FNDA:0,(anonymous_15)
FNDA:0,(anonymous_16)
DA:1,1
DA:2,1
DA:5,1
DA:6,1
DA:7,1
DA:10,1
DA:11,4
DA:12,4
DA:13,4
DA:14,4
DA:16,4
DA:18,4
DA:19,0
DA:20,0
DA:21,0
DA:23,0
DA:24,0
DA:27,4
DA:42,1
LF:19
LH:14
BRF:0
BRH:0
end_of_record
TN:
SF:src\containers\common\WorkerCardContainer.tsx
FN:10,(anonymous_7)
FNF:1
FNH:1
FNDA:3,(anonymous_7)
DA:1,2
DA:4,2
DA:10,2
DA:11,3
DA:15,3
DA:23,2
LF:6
LH:6
BRF:0
BRH:0
end_of_record
TN:
SF:src\containers\common\WorkerCardListContainer.tsx
FN:9,(anonymous_7)
FN:11,(anonymous_8)
FN:13,(anonymous_9)
FNF:3
FNH:3
FNDA:4,(anonymous_7)
FNDA:4,(anonymous_8)
FNDA:4,(anonymous_9)
DA:1,1
DA:2,1
DA:5,1
DA:6,1
DA:9,1
DA:10,4
DA:11,4
DA:13,4
DA:14,4
DA:17,4
DA:26,1
LF:11
LH:11
BRF:0
BRH:0
end_of_record
TN:
SF:src\containers\pages\AddWorkerContainer.tsx
FN:11,(anonymous_14)
FN:19,(anonymous_15)
FN:21,(anonymous_16)
FN:21,(anonymous_17)
FN:30,(anonymous_18)
FN:35,(anonymous_19)
FN:39,(anonymous_20)
FN:43,(anonymous_21)
FN:47,(anonymous_22)
FN:51,(anonymous_23)
FNF:10
FNH:4
FNDA:3,(anonymous_14)
FNDA:3,(anonymous_15)
FNDA:1,(anonymous_16)
FNDA:1,(anonymous_17)
FNDA:0,(anonymous_18)
FNDA:0,(anonymous_19)
FNDA:0,(anonymous_20)
FNDA:0,(anonymous_21)
FNDA:0,(anonymous_22)
FNDA:0,(anonymous_23)
DA:1,1
DA:5,1
DA:7,1
DA:8,1
DA:11,1
DA:12,3
DA:13,3
DA:14,3
DA:15,3
DA:16,3
DA:18,3
DA:19,3
DA:21,3
DA:22,1
DA:24,1
DA:25,1
DA:27,1
DA:30,3
DA:31,0
DA:32,0
DA:35,3
DA:36,0
DA:39,3
DA:40,0
DA:43,3
DA:44,0
DA:47,3
DA:48,0
DA:51,3
DA:52,0
DA:55,3
DA:75,1
LF:32
LH:25
BRF:0
BRH:0
end_of_record
TN:
SF:src\containers\pages\BigWorkerContainer.tsx
FN:10,(anonymous_7)
FN:14,(anonymous_8)
FN:16,(anonymous_9)
FNF:3
FNH:3
FNDA:4,(anonymous_7)
FNDA:4,(anonymous_8)
FNDA:4,(anonymous_9)
DA:1,1
DA:2,1
DA:3,1
DA:6,1
DA:8,1
DA:10,1
DA:11,4
DA:13,4
DA:14,4
DA:16,4
DA:17,4
DA:20,4
DA:29,1
LF:13
LH:13
BRF:0
BRH:0
end_of_record
TN:
SF:src\containers\pages\EditWorkerContainer.tsx
FN:14,(anonymous_14)
FN:16,(anonymous_15)
FN:22,(anonymous_16)
FN:26,(anonymous_17)
FN:26,(anonymous_18)
FN:35,(anonymous_19)
FN:40,(anonymous_20)
FNF:7
FNH:5
FNDA:3,(anonymous_14)
FNDA:3,(anonymous_15)
FNDA:3,(anonymous_16)
FNDA:1,(anonymous_17)
FNDA:1,(anonymous_18)
FNDA:0,(anonymous_19)
FNDA:0,(anonymous_20)
DA:1,1
DA:4,1
DA:6,1
DA:8,1
DA:9,1
DA:10,1
DA:12,1
DA:14,1
DA:15,3
DA:16,3
DA:18,3
DA:20,3
DA:22,3
DA:23,3
DA:26,3
DA:27,1
DA:29,1
DA:30,1
DA:32,1
DA:35,3
DA:36,0
DA:37,0
DA:40,3
DA:41,0
DA:42,0
DA:45,3
DA:58,1
LF:27
LH:23
BRDA:37,0,0,0
BRDA:37,0,1,0
BRF:2
BRH:0
end_of_record
TN:
SF:src\mocks\store\constants.ts
FNF:0
FNH:0
DA:1,7
DA:3,7
DA:8,7
DA:10,7
DA:20,7
DA:43,7
DA:64,7
LF:7
LH:7
BRF:0
BRH:0
end_of_record
TN:
SF:src\mocks\store\mockStore.ts
FN:13,(anonymous_1)
FNF:1
FNH:1
FNDA:14,(anonymous_1)
DA:1,4
DA:13,4
DA:14,14
DA:15,14
DA:16,14
DA:19,4
LF:6
LH:6
BRF:0
BRH:0
end_of_record
TN:
SF:src\store\utils.ts
FN:3,(anonymous_1)
FN:10,(anonymous_2)
FN:12,(anonymous_3)
FNF:3
FNH:2
FNDA:0,(anonymous_1)
FNDA:1,(anonymous_2)
FNDA:7,(anonymous_3)
DA:1,1
DA:3,1
DA:4,0
DA:5,0
DA:7,0
DA:10,1
DA:11,1
DA:12,7
DA:13,1
LF:9
LH:6
BRDA:4,0,0,0
BRF:1
BRH:0
end_of_record
TN:
SF:src\store\actions\addWorkerData\addWorkerData.ts
FN:3,(anonymous_0)
FN:26,(anonymous_1)
FN:31,(anonymous_2)
FN:36,(anonymous_3)
FNF:4
FNH:4
FNDA:2,(anonymous_0)
FNDA:2,(anonymous_1)
FNDA:1,(anonymous_2)
FNDA:1,(anonymous_3)
DA:3,2
DA:4,2
DA:5,2
DA:6,2
DA:26,2
DA:31,2
DA:36,2
LF:7
LH:7
BRDA:3,0,0,2
BRDA:3,0,1,2
BRF:2
BRH:2
end_of_record
TN:
SF:src\store\actions\editWorkerData\editWorkerData.ts
FN:3,(anonymous_0)
FN:31,(anonymous_1)
FN:39,(anonymous_2)
FN:46,(anonymous_3)
FNF:4
FNH:4
FNDA:2,(anonymous_0)
FNDA:2,(anonymous_1)
FNDA:1,(anonymous_2)
FNDA:1,(anonymous_3)
DA:3,2
DA:4,2
DA:5,2
DA:6,2
DA:31,2
DA:39,2
DA:46,2
LF:7
LH:7
BRDA:3,0,0,2
BRDA:3,0,1,2
BRF:2
BRH:2
end_of_record
TN:
SF:src\store\actions\editWorkerState\editWorkerState.ts
FN:3,(anonymous_0)
FN:14,(anonymous_1)
FNF:2
FNH:2
FNDA:2,(anonymous_0)
FNDA:1,(anonymous_1)
DA:3,2
DA:4,2
DA:14,2
LF:3
LH:3
BRDA:3,0,0,2
BRDA:3,0,1,2
BRF:2
BRH:2
end_of_record
TN:
SF:src\store\actions\loadWorkerData\loadWorkerData.ts
FN:3,(anonymous_0)
FN:28,(anonymous_1)
FN:35,(anonymous_2)
FN:40,(anonymous_3)
FNF:4
FNH:4
FNDA:3,(anonymous_0)
FNDA:8,(anonymous_1)
FNDA:1,(anonymous_2)
FNDA:1,(anonymous_3)
DA:3,3
DA:4,3
DA:5,3
DA:6,3
DA:28,8
DA:35,3
DA:40,3
LF:7
LH:7
BRDA:3,0,0,3
BRDA:3,0,1,3
BRF:2
BRH:2
end_of_record
TN:
SF:src\store\actions\loadWorkersData\loadWorkersData.ts
FN:4,(anonymous_0)
FN:35,(anonymous_1)
FN:46,(anonymous_2)
FN:51,(anonymous_3)
FNF:4
FNH:4
FNDA:3,(anonymous_0)
FNDA:5,(anonymous_1)
FNDA:1,(anonymous_2)
FNDA:1,(anonymous_3)
DA:4,3
DA:5,3
DA:6,3
DA:7,3
DA:35,3
DA:38,5
DA:46,3
DA:51,3
LF:8
LH:8
BRDA:4,0,0,3
BRDA:4,0,1,3
BRDA:36,1,0,4
BRDA:37,2,0,4
BRF:4
BRH:4
end_of_record
TN:
SF:src\store\actions\setFilterParameters\setFilterParameters.ts
FN:3,(anonymous_0)
FN:14,(anonymous_1)
FNF:2
FNH:1
FNDA:1,(anonymous_0)
FNDA:0,(anonymous_1)
DA:3,1
DA:4,1
DA:14,1
LF:3
LH:3
BRDA:3,0,0,1
BRDA:3,0,1,1
BRF:2
BRH:2
end_of_record
TN:
SF:src\store\reducers\filterParameters.ts
FN:14,(anonymous_0)
FNF:1
FNH:1
FNDA:6,(anonymous_0)
DA:2,1
DA:8,1
DA:14,1
DA:18,6
DA:20,0
DA:24,6
DA:28,1
LF:7
LH:6
BRDA:15,0,0,6
BRDA:18,1,0,0
BRDA:18,1,1,6
BRF:3
BRH:2
end_of_record
TN:
SF:src\store\reducers\worker.ts
FN:25,(anonymous_0)
FNF:1
FNH:1
FNDA:10,(anonymous_0)
DA:1,1
DA:2,1
DA:3,1
DA:4,1
DA:13,1
DA:25,1
DA:26,10
DA:28,1
DA:33,1
DA:39,1
DA:45,1
DA:50,1
DA:56,1
DA:62,1
DA:67,1
DA:73,1
DA:79,1
DA:84,0
DA:88,1
LF:19
LH:18
BRDA:25,0,0,0
BRDA:26,1,0,1
BRDA:26,1,1,1
BRDA:26,1,2,1
BRDA:26,1,3,1
BRDA:26,1,4,1
BRDA:26,1,5,1
BRDA:26,1,6,1
BRDA:26,1,7,1
BRDA:26,1,8,1
BRDA:26,1,9,1
BRDA:26,1,10,0
BRF:12
BRH:10
end_of_record
TN:
SF:src\store\reducers\workers.ts
FN:18,(anonymous_0)
FNF:1
FNH:1
FNDA:3,(anonymous_0)
DA:2,1
DA:10,1
DA:18,1
DA:19,3
DA:21,1
DA:26,1
DA:32,1
DA:38,0
DA:42,1
LF:9
LH:8
BRDA:18,0,0,0
BRDA:19,1,0,1
BRDA:19,1,1,1
BRDA:19,1,2,1
BRDA:19,1,3,0
BRF:5
BRH:3
end_of_record
