TN:
SF:src\components\common\Filtration\Filtration.tsx
FN:29,(anonymous_1)
FN:51,(anonymous_2)
FN:60,(anonymous_3)
FN:69,(anonymous_4)
FN:107,(anonymous_5)
FN:133,(anonymous_6)
FNF:6
FNH:3
FNDA:4,(anonymous_1)
FNDA:0,(anonymous_2)
FNDA:1,(anonymous_3)
FNDA:1,(anonymous_4)
FNDA:0,(anonymous_5)
FNDA:0,(anonymous_6)
DA:1,1
DA:2,1
DA:3,1
DA:4,1
DA:5,1
DA:6,1
DA:8,1
DA:29,1
DA:40,4
DA:52,0
DA:53,0
DA:61,1
DA:62,1
DA:70,1
DA:71,1
DA:107,0
DA:133,0
DA:158,1
LF:18
LH:14
BRDA:96,0,0,4
BRDA:96,0,1,2
BRDA:96,1,0,1
BRDA:96,1,1,1
BRF:4
BRH:4
end_of_record
TN:
SF:src\components\common\Filtration\style.ts
FNF:0
FNH:0
DA:1,1
DA:3,1
DA:23,1
DA:27,1
DA:32,1
DA:37,1
DA:41,1
LF:7
LH:7
BRF:0
BRH:0
end_of_record
TN:
SF:src\components\common\Header\Header.tsx
FN:10,(anonymous_1)
FNF:1
FNH:1
FNDA:2,(anonymous_1)
DA:1,1
DA:3,1
DA:10,1
DA:11,2
DA:27,1
LF:5
LH:5
BRF:0
BRH:0
end_of_record
TN:
SF:src\components\common\Header\style.ts
FNF:0
FNH:0
DA:1,1
DA:2,1
DA:4,1
DA:31,1
DA:37,1
LF:5
LH:5
BRF:0
BRH:0
end_of_record
TN:
SF:src\components\common\ModalWrapper\ModalWrapper.tsx
FN:15,(anonymous_1)
FN:19,(anonymous_2)
FN:20,(anonymous_3)
FN:22,(anonymous_4)
FNF:4
FNH:1
FNDA:1,(anonymous_1)
FNDA:0,(anonymous_2)
FNDA:0,(anonymous_3)
FNDA:0,(anonymous_4)
DA:1,1
DA:4,1
DA:5,1
DA:6,1
DA:9,1
DA:15,1
DA:16,1
DA:18,1
DA:19,0
DA:20,0
DA:22,0
DA:30,1
LF:12
LH:9
BRF:0
BRH:0
end_of_record
TN:
SF:src\components\common\ModalWrapper\style.ts
FNF:0
FNH:0
DA:1,1
DA:3,1
DA:18,1
DA:28,1
LF:4
LH:4
BRF:0
BRH:0
end_of_record
TN:
SF:src\containers\common\Filtration\FiltrationContainer.tsx
FN:22,(anonymous_14)
FN:30,(anonymous_15)
FN:30,(anonymous_16)
FNF:3
FNH:1
FNDA:4,(anonymous_14)
FNDA:0,(anonymous_15)
FNDA:0,(anonymous_16)
DA:1,1
DA:2,1
DA:5,1
DA:6,1
DA:7,1
DA:22,1
DA:23,4
DA:24,4
DA:25,4
DA:26,4
DA:28,4
DA:30,4
DA:31,0
DA:32,0
DA:33,0
DA:35,0
DA:36,0
DA:39,4
DA:54,1
LF:19
LH:14
BRF:0
BRH:0
end_of_record
TN:
SF:src\containers\common\Header\HeaderContainer.tsx
FN:7,(anonymous_1)
FNF:1
FNH:1
FNDA:2,(anonymous_1)
DA:1,1
DA:2,1
DA:4,1
DA:7,1
DA:8,2
DA:10,2
DA:15,1
LF:7
LH:7
BRF:0
BRH:0
end_of_record
TN:
SF:src\containers\common\ModalWrapper\ModalWrapperContainer.tsx
FN:11,(anonymous_1)
FNF:1
FNH:1
FNDA:1,(anonymous_1)
DA:1,1
DA:5,1
DA:11,1
DA:12,1
DA:19,1
LF:5
LH:5
BRF:0
BRH:0
end_of_record
TN:
SF:src\store\constants.ts
FNF:0
FNH:0
DA:1,1
DA:3,1
DA:4,1
DA:5,1
DA:7,1
DA:8,1
DA:9,1
DA:11,1
DA:12,1
DA:13,1
DA:15,1
DA:16,1
DA:17,1
DA:19,1
DA:21,1
LF:15
LH:15
BRF:0
BRH:0
end_of_record
TN:
SF:src\store\initialState.ts
FNF:0
FNH:0
DA:3,1
DA:15,1
LF:2
LH:2
BRF:0
BRH:0
end_of_record
TN:
SF:src\store\actions\loadWorkersData\loadWorkersData.ts
FN:5,(anonymous_0)
FN:13,(anonymous_1)
FN:18,(anonymous_2)
FNF:3
FNH:0
FNDA:0,(anonymous_0)
FNDA:0,(anonymous_1)
FNDA:0,(anonymous_2)
DA:1,1
DA:5,1
DA:13,1
DA:18,1
DA:23,1
LF:5
LH:5
BRDA:5,0,0,0
BRDA:5,1,0,0
BRF:2
BRH:0
end_of_record
TN:
SF:src\store\actions\setFilterParameters\setFilterParameters.ts
FN:4,(anonymous_0)
FNF:1
FNH:0
FNDA:0,(anonymous_0)
DA:1,1
DA:4,1
DA:9,1
LF:3
LH:3
BRF:0
BRH:0
end_of_record
TN:
SF:src\store\reducers\filterParameters.ts
FN:6,(anonymous_1)
FNF:1
FNH:1
FNDA:6,(anonymous_1)
DA:1,1
DA:2,1
DA:6,1
DA:10,6
DA:12,0
DA:16,6
DA:20,1
LF:7
LH:6
BRDA:7,0,0,6
BRDA:10,1,0,0
BRDA:10,1,1,6
BRF:3
BRH:2
end_of_record
